[debug] [2022-05-04T21:45:16.306Z] ----------------------------------------------------------------------
[debug] [2022-05-04T21:45:16.316Z] Command:       C:\Program Files\nodejs\node.exe C:\Users\user\AppData\Roaming\npm\node_modules\firebase-tools\lib\bin\firebase.js deploy
[debug] [2022-05-04T21:45:16.319Z] CLI Version:   10.1.4
[debug] [2022-05-04T21:45:16.319Z] Platform:      win32
[debug] [2022-05-04T21:45:16.319Z] Node Version:  v14.17.3
[debug] [2022-05-04T21:45:16.322Z] Time:          Wed May 04 2022 22:45:16 GMT+0100 (West Africa Standard Time)
[debug] [2022-05-04T21:45:16.323Z] ----------------------------------------------------------------------
[debug] 
[debug] [2022-05-04T21:45:16.585Z] > command requires scopes: ["email","openid","https://www.googleapis.com/auth/cloudplatformprojects.readonly","https://www.googleapis.com/auth/firebase","https://www.googleapis.com/auth/cloud-platform"]
[debug] [2022-05-04T21:45:16.586Z] > authorizing via signed-in user (akinwumikaliyanu@gmail.com)
[debug] [2022-05-04T21:45:16.586Z] [iam] checking project oathub-385f7 for permissions ["firebase.projects.get","firebasedatabase.instances.update","firebasehosting.sites.update"]
[debug] [2022-05-04T21:45:16.597Z] > refreshing access token with scopes: []
[debug] [2022-05-04T21:45:16.599Z] >>> HTTP REQUEST POST https://www.googleapis.com/oauth2/v3/token  
 <request body omitted>
[debug] [2022-05-04T21:45:18.370Z] <<< HTTP RESPONSE 200 {"pragma":"no-cache","date":"Wed, 04 May 2022 21:45:17 GMT","expires":"Mon, 01 Jan 1990 00:00:00 GMT","cache-control":"no-cache, no-store, max-age=0, must-revalidate","content-type":"application/json; charset=utf-8","vary":"X-Origin, Referer, Origin,Accept-Encoding","server":"scaffolding on HTTPServer2","x-xss-protection":"0","x-frame-options":"SAMEORIGIN","x-content-type-options":"nosniff","alt-svc":"h3=\":443\"; ma=2592000,h3-29=\":443\"; ma=2592000,h3-Q050=\":443\"; ma=2592000,h3-Q046=\":443\"; ma=2592000,h3-Q043=\":443\"; ma=2592000,quic=\":443\"; ma=2592000; v=\"46,43\"","accept-ranges":"none","transfer-encoding":"chunked"}
[debug] [2022-05-04T21:45:18.472Z] >>> [apiv2][query] POST https://cloudresourcemanager.googleapis.com/v1/projects/oathub-385f7:testIamPermissions [none]
[debug] [2022-05-04T21:45:18.473Z] >>> [apiv2][body] POST https://cloudresourcemanager.googleapis.com/v1/projects/oathub-385f7:testIamPermissions {"permissions":["firebase.projects.get","firebasedatabase.instances.update","firebasehosting.sites.update"]}
[debug] [2022-05-04T21:45:20.732Z] <<< [apiv2][status] POST https://cloudresourcemanager.googleapis.com/v1/projects/oathub-385f7:testIamPermissions 200
[debug] [2022-05-04T21:45:20.732Z] <<< [apiv2][body] POST https://cloudresourcemanager.googleapis.com/v1/projects/oathub-385f7:testIamPermissions {"permissions":["firebase.projects.get","firebasedatabase.instances.update","firebasehosting.sites.update"]}
[debug] [2022-05-04T21:45:20.737Z] >>> [apiv2][query] GET https://firebase.googleapis.com/v1beta1/projects/oathub-385f7 [none]
[debug] [2022-05-04T21:45:21.668Z] <<< [apiv2][status] GET https://firebase.googleapis.com/v1beta1/projects/oathub-385f7 200
[debug] [2022-05-04T21:45:21.669Z] <<< [apiv2][body] GET https://firebase.googleapis.com/v1beta1/projects/oathub-385f7 {"projectId":"oathub-385f7","projectNumber":"1067531063785","displayName":"oathub","name":"projects/oathub-385f7","resources":{"hostingSite":"oathub-385f7","realtimeDatabaseInstance":"oathub-385f7-default-rtdb"},"state":"ACTIVE"}
[debug] [2022-05-04T21:45:21.672Z] >>> [apiv2][query] GET https://firebase.googleapis.com/v1beta1/projects/oathub-385f7 [none]
[debug] [2022-05-04T21:45:22.754Z] <<< [apiv2][status] GET https://firebase.googleapis.com/v1beta1/projects/oathub-385f7 200
[debug] [2022-05-04T21:45:22.755Z] <<< [apiv2][body] GET https://firebase.googleapis.com/v1beta1/projects/oathub-385f7 {"projectId":"oathub-385f7","projectNumber":"1067531063785","displayName":"oathub","name":"projects/oathub-385f7","resources":{"hostingSite":"oathub-385f7","realtimeDatabaseInstance":"oathub-385f7-default-rtdb"},"state":"ACTIVE"}
[info] 
[info] === Deploying to 'oathub-385f7'...
[info] 
[info] i  deploying database, hosting 
[info] i  database: checking rules syntax... 
[debug] [2022-05-04T21:45:23.172Z] > refreshing access token with scopes: ["email","https://www.googleapis.com/auth/cloud-platform","https://www.googleapis.com/auth/cloudplatformprojects.readonly","https://www.googleapis.com/auth/firebase","openid"]
[debug] [2022-05-04T21:45:23.173Z] >>> HTTP REQUEST POST https://www.googleapis.com/oauth2/v3/token  
 <request body omitted>
[debug] [2022-05-04T21:45:25.025Z] <<< HTTP RESPONSE 200 {"date":"Wed, 04 May 2022 21:45:23 GMT","pragma":"no-cache","expires":"Mon, 01 Jan 1990 00:00:00 GMT","cache-control":"no-cache, no-store, max-age=0, must-revalidate","content-type":"application/json; charset=utf-8","vary":"X-Origin, Referer, Origin,Accept-Encoding","server":"scaffolding on HTTPServer2","x-xss-protection":"0","x-frame-options":"SAMEORIGIN","x-content-type-options":"nosniff","alt-svc":"h3=\":443\"; ma=2592000,h3-29=\":443\"; ma=2592000,h3-Q050=\":443\"; ma=2592000,h3-Q046=\":443\"; ma=2592000,h3-Q043=\":443\"; ma=2592000,quic=\":443\"; ma=2592000; v=\"46,43\"","accept-ranges":"none","transfer-encoding":"chunked"}
[debug] [2022-05-04T21:45:25.179Z] >>> HTTP REQUEST GET https://firebasedatabase.googleapis.com/v1beta/projects/oathub-385f7/locations/-/instances/oathub-385f7-default-rtdb  
 
[debug] [2022-05-04T21:45:26.768Z] <<< HTTP RESPONSE 200 {"content-type":"application/json; charset=UTF-8","vary":"X-Origin, Referer, Origin,Accept-Encoding","date":"Wed, 04 May 2022 21:45:26 GMT","server":"ESF","cache-control":"private","x-xss-protection":"0","x-frame-options":"SAMEORIGIN","x-content-type-options":"nosniff","alt-svc":"h3=\":443\"; ma=2592000,h3-29=\":443\"; ma=2592000,h3-Q050=\":443\"; ma=2592000,h3-Q046=\":443\"; ma=2592000,h3-Q043=\":443\"; ma=2592000,quic=\":443\"; ma=2592000; v=\"46,43\"","accept-ranges":"none","transfer-encoding":"chunked"}
[debug] [2022-05-04T21:45:26.774Z] >>> HTTP REQUEST PUT https://oathub-385f7-default-rtdb.firebaseio.com/.settings/rules.json?dryRun=true  
 {
  /* Visit https://firebase.google.com/docs/database/security to learn more about security rules. */
  "rules": {
    ".read": false,
    ".write": false
  }
}
[debug] [2022-05-04T21:45:28.014Z] <<< HTTP RESPONSE 200 {"server":"nginx","date":"Wed, 04 May 2022 21:45:27 GMT","content-type":"application/json; charset=utf-8","content-length":"15","connection":"keep-alive","access-control-allow-origin":"*","cache-control":"no-cache","strict-transport-security":"max-age=31556926; includeSubDomains; preload"}
[info] +  database: rules syntax for database oathub-385f7-default-rtdb is valid 
